<?xml version="1.0" encoding="UTF-8"?>
<testsuite name="Cucumber" time="42.784" tests="4" skipped="0" failures="1" errors="0">
<testcase classname="Cart Feature" name="View cart items and proceed to checkout" time="19.04">
<failure type="java.lang.AssertionError" message="Failed to find the cart item on the cart page: Expected condition failed: waiting for visibility of element located by By.className: cart_item (tried for 10 second(s) with 500 milliseconds interval)
Build info: version: '4.25.0', revision: '8a8aea2337'
System info: os.name: 'Windows 10', os.arch: 'amd64', os.version: '10.0', java.version: '21.0.3'
Driver info: org.openqa.selenium.chrome.ChromeDriver
Capabilities {acceptInsecureCerts: false, browserName: chrome, browserVersion: 130.0.6723.59, chrome: {chromedriverVersion: 130.0.6723.58 (3a50e012e4c9..., userDataDir: C:\Users\Grace\AppData\Loca...}, fedcm:accounts: true, goog:chromeOptions: {debuggerAddress: localhost:56305}, networkConnectionEnabled: false, pageLoadStrategy: normal, platformName: windows, proxy: Proxy(), se:cdp: ws://localhost:56305/devtoo..., se:cdpVersion: 130.0.6723.59, setWindowRect: true, strictFileInteractability: false, timeouts: {implicit: 0, pageLoad: 300000, script: 30000}, unhandledPromptBehavior: dismiss and notify, webauthn:extension:credBlob: true, webauthn:extension:largeBlob: true, webauthn:extension:minPinLength: true, webauthn:extension:prf: true, webauthn:virtualAuthenticators: true}
Session ID: 81e36bf73b567123166bf918c8a9b391">
<![CDATA[java.lang.AssertionError: Failed to find the cart item on the cart page: Expected condition failed: waiting for visibility of element located by By.className: cart_item (tried for 10 second(s) with 500 milliseconds interval)
Build info: version: '4.25.0', revision: '8a8aea2337'
System info: os.name: 'Windows 10', os.arch: 'amd64', os.version: '10.0', java.version: '21.0.3'
Driver info: org.openqa.selenium.chrome.ChromeDriver
Capabilities {acceptInsecureCerts: false, browserName: chrome, browserVersion: 130.0.6723.59, chrome: {chromedriverVersion: 130.0.6723.58 (3a50e012e4c9..., userDataDir: C:\Users\Grace\AppData\Loca...}, fedcm:accounts: true, goog:chromeOptions: {debuggerAddress: localhost:56305}, networkConnectionEnabled: false, pageLoadStrategy: normal, platformName: windows, proxy: Proxy(), se:cdp: ws://localhost:56305/devtoo..., se:cdpVersion: 130.0.6723.59, setWindowRect: true, strictFileInteractability: false, timeouts: {implicit: 0, pageLoad: 300000, script: 30000}, unhandledPromptBehavior: dismiss and notify, webauthn:extension:credBlob: true, webauthn:extension:largeBlob: true, webauthn:extension:minPinLength: true, webauthn:extension:prf: true, webauthn:virtualAuthenticators: true}
Session ID: 81e36bf73b567123166bf918c8a9b391
	at org.junit.Assert.fail(Assert.java:89)
	at selenium_mvn_eclipse.CartSteps.i_should_be_redirected_to_the_cart_page_with_a_cart_item_displayed(CartSteps.java:83)
	at âœ½.I should be redirected to the cart page with a cart item displayed(file:///E:/SQE%20project/selenium_mvn_eclipse/src/test/resources/feature/YourCart.feature:6)
]]>
</failure>
<system-out><![CDATA[
Given I am logged in to the Sauce Demo site.................................passed
When I click on the cart icon...............................................passed
Then I should be redirected to the cart page with a cart item displayed.....failed
When I click on the checkout button.........................................skipped
Then I should be redirected to the checkout page............................skipped
]]></system-out>
</testcase>
<testcase classname="Login Feature" name="Successful Login with valid credentials - Example #1.1" time="5.69">
<system-out><![CDATA[
Given I am on the Sauce Demo login page.....................................passed
When I enter username "standard_user".......................................passed
And I enter password "secret_sauce".........................................passed
And I click on the login button.............................................passed
Then I should be redirected to the Products page with title "Swag Labs".....passed
]]></system-out>
</testcase>
<testcase classname="Login Feature" name="Successful Login with valid credentials - Example #1.2" time="6.24">
<system-out><![CDATA[
Given I am on the Sauce Demo login page.....................................passed
When I enter username "problem_user"........................................passed
And I enter password "secret_sauce".........................................passed
And I click on the login button.............................................passed
Then I should be redirected to the Products page with title "Swag Labs".....passed
]]></system-out>
</testcase>
<testcase classname="Login Feature" name="Successful Login with valid credentials - Example #1.3" time="11.298">
<system-out><![CDATA[
Given I am on the Sauce Demo login page.....................................passed
When I enter username "performance_glitch_user".............................passed
And I enter password "secret_sauce".........................................passed
And I click on the login button.............................................passed
Then I should be redirected to the Products page with title "Swag Labs".....passed
]]></system-out>
</testcase>
</testsuite>
